This file contains any messages produced by compilers while
running configure, to aid debugging if configure makes a mistake.

It was created by ltopas configure 1 , which was
generated by GNU Autoconf 2.65.  Invocation command line was

  $ ./configure 

## --------- ##
## Platform. ##
## --------- ##

hostname = ubuntu
uname -m = x86_64
uname -r = 2.6.32-30-server
uname -s = Linux
uname -v = #59-Ubuntu SMP Tue Mar 1 22:46:09 UTC 2011

/usr/bin/uname -p = unknown
/bin/uname -X     = unknown

/bin/arch              = unknown
/usr/bin/arch -k       = unknown
/usr/convex/getsysinfo = unknown
/usr/bin/hostinfo      = unknown
/bin/machine           = unknown
/usr/bin/oslevel       = unknown
/bin/universe          = unknown

PATH: /home/asif/bin
PATH: /usr/local/sbin
PATH: /usr/local/bin
PATH: /usr/sbin
PATH: /usr/bin
PATH: /sbin
PATH: /bin
PATH: /usr/games


## ----------- ##
## Core tests. ##
## ----------- ##

configure:1788: checking for a BSD-compatible install
configure:1856: result: /usr/bin/install -c
configure:1867: checking whether build environment is sane
configure:1917: result: yes
configure:2058: checking for a thread-safe mkdir -p
configure:2097: result: /bin/mkdir -p
configure:2110: checking for gawk
configure:2140: result: no
configure:2110: checking for mawk
configure:2126: found /usr/bin/mawk
configure:2137: result: mawk
configure:2148: checking whether make sets $(MAKE)
configure:2170: result: yes
configure:2289: checking for gcc
configure:2305: found /usr/bin/gcc
configure:2316: result: gcc
configure:2545: checking for C compiler version
configure:2554: gcc --version >&5
gcc (Ubuntu 4.4.3-4ubuntu5) 4.4.3
Copyright (C) 2009 Free Software Foundation, Inc.
This is free software; see the source for copying conditions.  There is NO
warranty; not even for MERCHANTABILITY or FITNESS FOR A PARTICULAR PURPOSE.

configure:2565: $? = 0
configure:2554: gcc -v >&5
Using built-in specs.
Target: x86_64-linux-gnu
Configured with: ../src/configure -v --with-pkgversion='Ubuntu 4.4.3-4ubuntu5' --with-bugurl=file:///usr/share/doc/gcc-4.4/README.Bugs --enable-languages=c,c++,fortran,objc,obj-c++ --prefix=/usr --enable-shared --enable-multiarch --enable-linker-build-id --with-system-zlib --libexecdir=/usr/lib --without-included-gettext --enable-threads=posix --with-gxx-include-dir=/usr/include/c++/4.4 --program-suffix=-4.4 --enable-nls --enable-clocale=gnu --enable-libstdcxx-debug --enable-plugin --enable-objc-gc --disable-werror --with-arch-32=i486 --with-tune=generic --enable-checking=release --build=x86_64-linux-gnu --host=x86_64-linux-gnu --target=x86_64-linux-gnu
Thread model: posix
gcc version 4.4.3 (Ubuntu 4.4.3-4ubuntu5) 
configure:2565: $? = 0
configure:2554: gcc -V >&5
gcc: '-V' option must have argument
configure:2565: $? = 1
configure:2554: gcc -qversion >&5
gcc: unrecognized option '-qversion'
gcc: no input files
configure:2565: $? = 1
configure:2585: checking whether the C compiler works
configure:2607: gcc    conftest.c  >&5
configure:2611: $? = 0
configure:2660: result: yes
configure:2663: checking for C compiler default output file name
configure:2665: result: a.out
configure:2671: checking for suffix of executables
configure:2678: gcc -o conftest    conftest.c  >&5
configure:2682: $? = 0
configure:2704: result: 
configure:2726: checking whether we are cross compiling
configure:2734: gcc -o conftest    conftest.c  >&5
configure:2738: $? = 0
configure:2745: ./conftest
configure:2749: $? = 0
configure:2764: result: no
configure:2769: checking for suffix of object files
configure:2791: gcc -c   conftest.c >&5
configure:2795: $? = 0
configure:2816: result: o
configure:2820: checking whether we are using the GNU C compiler
configure:2839: gcc -c   conftest.c >&5
configure:2839: $? = 0
configure:2848: result: yes
configure:2857: checking whether gcc accepts -g
configure:2877: gcc -c -g  conftest.c >&5
configure:2877: $? = 0
configure:2918: result: yes
configure:2935: checking for gcc option to accept ISO C89
configure:2999: gcc  -c -g -O2  conftest.c >&5
configure:2999: $? = 0
configure:3012: result: none needed
configure:3043: checking for style of include used by make
configure:3071: result: GNU
configure:3096: checking dependency style of gcc
configure:3206: result: gcc3
configure:3377: creating ./config.status

## ---------------------- ##
## Running config.status. ##
## ---------------------- ##

This file was extended by ltopas config.status 1 , which was
generated by GNU Autoconf 2.65.  Invocation command line was

  CONFIG_FILES    = 
  CONFIG_HEADERS  = 
  CONFIG_LINKS    = 
  CONFIG_COMMANDS = 
  $ ./config.status 

on ubuntu

config.status:771: creating Makefile
config.status:934: executing depfiles commands

## ---------------- ##
## Cache variables. ##
## ---------------- ##

ac_cv_c_compiler_gnu=yes
ac_cv_env_CC_set=
ac_cv_env_CC_value=
ac_cv_env_CFLAGS_set=
ac_cv_env_CFLAGS_value=
ac_cv_env_CPPFLAGS_set=
ac_cv_env_CPPFLAGS_value=
ac_cv_env_LDFLAGS_set=
ac_cv_env_LDFLAGS_value=
ac_cv_env_LIBS_set=
ac_cv_env_LIBS_value=
ac_cv_env_build_alias_set=
ac_cv_env_build_alias_value=
ac_cv_env_host_alias_set=
ac_cv_env_host_alias_value=
ac_cv_env_target_alias_set=
ac_cv_env_target_alias_value=
ac_cv_objext=o
ac_cv_path_install='/usr/bin/install -c'
ac_cv_path_mkdir=/bin/mkdir
ac_cv_prog_AWK=mawk
ac_cv_prog_ac_ct_CC=gcc
ac_cv_prog_cc_c89=
ac_cv_prog_cc_g=yes
ac_cv_prog_make_make_set=yes
am_cv_CC_dependencies_compiler_type=gcc3

## ----------------- ##
## Output variables. ##
## ----------------- ##

ACLOCAL='${SHELL} /home/asif/code/ltopas/missing --run aclocal-1.11'
AMDEPBACKSLASH='\'
AMDEP_FALSE='#'
AMDEP_TRUE=''
AMTAR='${SHELL} /home/asif/code/ltopas/missing --run tar'
AUTOCONF='${SHELL} /home/asif/code/ltopas/missing --run autoconf'
AUTOHEADER='${SHELL} /home/asif/code/ltopas/missing --run autoheader'
AUTOMAKE='${SHELL} /home/asif/code/ltopas/missing --run automake-1.11'
AWK='mawk'
CC='gcc'
CCDEPMODE='depmode=gcc3'
CFLAGS='-g -O2'
CPPFLAGS=''
CYGPATH_W='echo'
DEFS='-DPACKAGE_NAME=\"ltopas\" -DPACKAGE_TARNAME=\"ltopas\" -DPACKAGE_VERSION=\"1\ \" -DPACKAGE_STRING=\"ltopas\ 1\ \" -DPACKAGE_BUGREPORT=\"asif.m.jalil@gmail.com\" -DPACKAGE_URL=\"http://code.google.com/p/ltopas/\"'
DEPDIR='.deps'
ECHO_C=''
ECHO_N='-n'
ECHO_T=''
EXEEXT=''
INSTALL_DATA='${INSTALL} -m 644'
INSTALL_PROGRAM='${INSTALL}'
INSTALL_SCRIPT='${INSTALL}'
INSTALL_STRIP_PROGRAM='$(install_sh) -c -s'
LDFLAGS=''
LIBOBJS=''
LIBS=''
LTLIBOBJS=''
MAKEINFO='${SHELL} /home/asif/code/ltopas/missing --run makeinfo'
MKDIR_P='/bin/mkdir -p'
OBJEXT='o'
PACKAGE='ltopas'
PACKAGE_BUGREPORT='asif.m.jalil@gmail.com'
PACKAGE_NAME='ltopas'
PACKAGE_STRING='ltopas 1 '
PACKAGE_TARNAME='ltopas'
PACKAGE_URL='http://code.google.com/p/ltopas/'
PACKAGE_VERSION='1 '
PATH_SEPARATOR=':'
SET_MAKE=''
SHELL='/bin/bash'
STRIP=''
VERSION='1 '
ac_ct_CC='gcc'
am__EXEEXT_FALSE=''
am__EXEEXT_TRUE='#'
am__fastdepCC_FALSE='#'
am__fastdepCC_TRUE=''
am__include='include'
am__isrc=''
am__leading_dot='.'
am__quote=''
am__tar='${AMTAR} chof - "$$tardir"'
am__untar='${AMTAR} xf -'
bindir='${exec_prefix}/bin'
build_alias=''
datadir='${datarootdir}'
datarootdir='${prefix}/share'
docdir='${datarootdir}/doc/${PACKAGE_TARNAME}'
dvidir='${docdir}'
exec_prefix='${prefix}'
host_alias=''
htmldir='${docdir}'
includedir='${prefix}/include'
infodir='${datarootdir}/info'
install_sh='${SHELL} /home/asif/code/ltopas/install-sh'
libdir='${exec_prefix}/lib'
libexecdir='${exec_prefix}/libexec'
localedir='${datarootdir}/locale'
localstatedir='${prefix}/var'
mandir='${datarootdir}/man'
mkdir_p='/bin/mkdir -p'
oldincludedir='/usr/include'
pdfdir='${docdir}'
prefix='/usr/local'
program_transform_name='s,x,x,'
psdir='${docdir}'
sbindir='${exec_prefix}/sbin'
sharedstatedir='${prefix}/com'
sysconfdir='${prefix}/etc'
target_alias=''

## ----------- ##
## confdefs.h. ##
## ----------- ##

/* confdefs.h */
#define PACKAGE_NAME "ltopas"
#define PACKAGE_TARNAME "ltopas"
#define PACKAGE_VERSION "1 "
#define PACKAGE_STRING "ltopas 1 "
#define PACKAGE_BUGREPORT "asif.m.jalil@gmail.com"
#define PACKAGE_URL "http://code.google.com/p/ltopas/"

configure: exit 0
